<?xml version="1.0" encoding="UTF-8"?>
<testsuite xmlns:xsi="http://www.w3.org/2001/XMLSchema-instance" xsi:noNamespaceSchemaLocation="https://maven.apache.org/surefire/maven-surefire-plugin/xsd/surefire-test-report.xsd" name="ScientificCalciTests" time="0.011" tests="4" errors="0" skipped="0" failures="0">
  <properties>
    <property name="sun.desktop" value="gnome"/>
    <property name="awt.toolkit" value="sun.awt.X11.XToolkit"/>
    <property name="java.specification.version" value="11"/>
    <property name="sun.cpu.isalist" value=""/>
    <property name="sun.jnu.encoding" value="UTF-8"/>
    <property name="java.class.path" value="/home/akshathkaushal/Desktop/Work/DevOps/Miniproject examples/MiniCalculator-main-gandharv/target/test-classes:/home/akshathkaushal/Desktop/Work/DevOps/Miniproject examples/MiniCalculator-main-gandharv/target/classes:/home/akshathkaushal/.m2/repository/junit/junit/4.13.1/junit-4.13.1.jar:/home/akshathkaushal/.m2/repository/org/hamcrest/hamcrest-core/1.3/hamcrest-core-1.3.jar:/home/akshathkaushal/.m2/repository/org/apache/logging/log4j/log4j-api/2.14.1/log4j-api-2.14.1.jar:/home/akshathkaushal/.m2/repository/org/apache/logging/log4j/log4j-core/2.14.1/log4j-core-2.14.1.jar:"/>
    <property name="java.vm.vendor" value="Ubuntu"/>
    <property name="sun.arch.data.model" value="64"/>
    <property name="java.vendor.url" value="https://ubuntu.com/"/>
    <property name="user.timezone" value=""/>
    <property name="java.vm.specification.version" value="11"/>
    <property name="os.name" value="Linux"/>
    <property name="sun.java.launcher" value="SUN_STANDARD"/>
    <property name="user.country" value="IN"/>
    <property name="sun.boot.library.path" value="/usr/lib/jvm/java-11-openjdk-amd64/lib"/>
    <property name="sun.java.command" value="/home/akshathkaushal/Desktop/Work/DevOps/Miniproject examples/MiniCalculator-main-gandharv/target/surefire/surefirebooter5276994715382480783.jar /home/akshathkaushal/Desktop/Work/DevOps/Miniproject examples/MiniCalculator-main-gandharv/target/surefire 2022-04-13T13-25-32_538-jvmRun1 surefire15849212038822161050tmp surefire_08190945377093052283tmp"/>
    <property name="jdk.debug" value="release"/>
    <property name="surefire.test.class.path" value="/home/akshathkaushal/Desktop/Work/DevOps/Miniproject examples/MiniCalculator-main-gandharv/target/test-classes:/home/akshathkaushal/Desktop/Work/DevOps/Miniproject examples/MiniCalculator-main-gandharv/target/classes:/home/akshathkaushal/.m2/repository/junit/junit/4.13.1/junit-4.13.1.jar:/home/akshathkaushal/.m2/repository/org/hamcrest/hamcrest-core/1.3/hamcrest-core-1.3.jar:/home/akshathkaushal/.m2/repository/org/apache/logging/log4j/log4j-api/2.14.1/log4j-api-2.14.1.jar:/home/akshathkaushal/.m2/repository/org/apache/logging/log4j/log4j-core/2.14.1/log4j-core-2.14.1.jar:"/>
    <property name="sun.cpu.endian" value="little"/>
    <property name="user.home" value="/home/akshathkaushal"/>
    <property name="user.language" value="en"/>
    <property name="java.specification.vendor" value="Oracle Corporation"/>
    <property name="java.version.date" value="2022-02-08"/>
    <property name="java.home" value="/usr/lib/jvm/java-11-openjdk-amd64"/>
    <property name="file.separator" value="/"/>
    <property name="basedir" value="/home/akshathkaushal/Desktop/Work/DevOps/Miniproject examples/MiniCalculator-main-gandharv"/>
    <property name="java.vm.compressedOopsMode" value="Zero based"/>
    <property name="line.separator" value="&#10;"/>
    <property name="java.specification.name" value="Java Platform API Specification"/>
    <property name="java.vm.specification.vendor" value="Oracle Corporation"/>
    <property name="java.awt.graphicsenv" value="sun.awt.X11GraphicsEnvironment"/>
    <property name="surefire.real.class.path" value="/home/akshathkaushal/Desktop/Work/DevOps/Miniproject examples/MiniCalculator-main-gandharv/target/surefire/surefirebooter5276994715382480783.jar"/>
    <property name="sun.management.compiler" value="HotSpot 64-Bit Tiered Compilers"/>
    <property name="java.runtime.version" value="11.0.14.1+1-Ubuntu-0ubuntu1.20.04"/>
    <property name="user.name" value="akshathkaushal"/>
    <property name="path.separator" value=":"/>
    <property name="os.version" value="5.14.0-1032-oem"/>
    <property name="java.runtime.name" value="OpenJDK Runtime Environment"/>
    <property name="file.encoding" value="UTF-8"/>
    <property name="java.vm.name" value="OpenJDK 64-Bit Server VM"/>
    <property name="localRepository" value="/home/akshathkaushal/.m2/repository"/>
    <property name="java.vendor.url.bug" value="https://bugs.launchpad.net/ubuntu/+source/openjdk-lts"/>
    <property name="java.io.tmpdir" value="/tmp"/>
    <property name="java.version" value="11.0.14.1"/>
    <property name="user.dir" value="/home/akshathkaushal/Desktop/Work/DevOps/Miniproject examples/MiniCalculator-main-gandharv"/>
    <property name="os.arch" value="amd64"/>
    <property name="java.vm.specification.name" value="Java Virtual Machine Specification"/>
    <property name="java.awt.printerjob" value="sun.print.PSPrinterJob"/>
    <property name="sun.os.patch.level" value="unknown"/>
    <property name="java.library.path" value="/usr/java/packages/lib:/usr/lib/x86_64-linux-gnu/jni:/lib/x86_64-linux-gnu:/usr/lib/x86_64-linux-gnu:/usr/lib/jni:/lib:/usr/lib"/>
    <property name="java.vm.info" value="mixed mode, sharing"/>
    <property name="java.vendor" value="Ubuntu"/>
    <property name="java.vm.version" value="11.0.14.1+1-Ubuntu-0ubuntu1.20.04"/>
    <property name="sun.io.unicode.encoding" value="UnicodeLittle"/>
    <property name="java.class.version" value="55.0"/>
  </properties>
  <testcase name="FactorialTesting" classname="ScientificCalciTests" time="0.003"/>
  <testcase name="logarithmicTesting" classname="ScientificCalciTests" time="0.003"/>
  <testcase name="SquarerootTesting" classname="ScientificCalciTests" time="0.003"/>
  <testcase name="powerTesting" classname="ScientificCalciTests" time="0.002"/>
</testsuite>